-> Loading plugin C:\Workspace\London_AutomationTest\LnP\bin\Debug\TechTalk.SpecFlow.MSTest.SpecFlowPlugin.dll
-> Using default config
Given User is On CMS Login Page 'http://qa.cms.londonandpartners.com/sitecore/login'
-> done: SitecoreValidLoginSteps.GivenUserIsOnCMSLoginPage("http://qa.cms.lon...") (2.2s)
When User Enters Valid Credebtials
  --- table step argument ---
  | Username | Password |
  | QA_User  | Test1234 |
-> done: SitecoreValidLoginSteps.WhenUserEntersValidCredebtials(<table>) (0.3s)
And Clicks Login Button
-> done: SitecoreValidLoginSteps.WhenClicksLoginButton() (1.5s)
Then Sitecore Experience Platform Page Should Be Displayed
-> done: SitecoreValidLoginSteps.ThenSitecoreExperiencePlatformPageShouldBeDisplayed() (5.1s)
When User Clicks on Content Editor Tab
-> done: SitecoreValidLoginSteps.WhenUserClicksOnContentEditorTab() (9.8s)
Then Content Editor Page Should Be Displayed
-> done: SitecoreValidLoginSteps.ThenContentEditorPageShouldBeDisplayed() (0.5s)
When Product is Checked In
-> done: VisitLandingPageSteps.WhenProductIsCheckedIn() (23.4s)
Then I Should Be Able To Preview Visit Landing Page 'http://qa.cms.londonandpartners.com/?sc_mode=edit&sc_itemid=%7b7868EA52-BEB8-4600-A1F5-6F8C6C3B6571%7d&sc_version=10&sc_lang=en&sc_site=Visit_CA'
-> done: VisitLandingPageSteps.ThenIShouldBeAbleToPreviewVisitLandingPage("http://qa.cms.lon...") (8.8s)
When I Click on Toggle Ribbon
-> done: VisitLandingPageSteps.WhenIClickOnToggleRibbon() (8.3s)
Then I Should Be Able To Edit The Page
-> done: VisitLandingPageSteps.ThenIShouldBeAbleToEditThePage() (13.4s)
And Insert Component on Page
18-May-2022-10:12:17 [LnP.StepDefinition.VisitLandingPageSteps] [ERROR] [ThenInsertComponentOnPage] - Exception: OpenQA.Selenium.NoSuchElementException: Element Not Found : By.XPath: .//*[@class='container-narrow']/div[1]/nav[1]/a[3]
   at LnP.ComponentHelper.GenericHelper.GetElement(By locator) in C:\Workspace\London_AutomationTest\LnP\ComponentHelper\GenericHelper.cs:line 95
   at LnP.ComponentHelper.ButtonHelper.ClickButton(By locator) in C:\Workspace\London_AutomationTest\LnP\ComponentHelper\ButtonHelper.cs:line 18
   at LnP.StepDefinition.VisitLandingPageSteps.ThenInsertComponentOnPage() in C:\Workspace\London_AutomationTest\LnP\StepDefinition\1-Visit\VisitLandingPageSteps.cs:line 148
Error ReturnedOpenQA.Selenium.NoSuchElementException: Element Not Found : By.XPath: .//*[@class='container-narrow']/div[1]/nav[1]/a[3]
   at LnP.ComponentHelper.GenericHelper.GetElement(By locator) in C:\Workspace\London_AutomationTest\LnP\ComponentHelper\GenericHelper.cs:line 95
   at LnP.ComponentHelper.ButtonHelper.ClickButton(By locator) in C:\Workspace\London_AutomationTest\LnP\ComponentHelper\ButtonHelper.cs:line 18
   at LnP.StepDefinition.VisitLandingPageSteps.ThenInsertComponentOnPage() in C:\Workspace\London_AutomationTest\LnP\StepDefinition\1-Visit\VisitLandingPageSteps.cs:line 148
-> done: VisitLandingPageSteps.ThenInsertComponentOnPage() (5.0s)
Then User is Able To Log Out
-> error: Element Not Found : By.XPath: .//*[@class='logout']
AfterScenario Hook
Element Not Found : By.XPath: .//*[@class='logout']
   at LnP.ComponentHelper.GenericHelper.GetElement(By locator) in C:\Workspace\London_AutomationTest\LnP\ComponentHelper\GenericHelper.cs:line 95
   at LnP.ComponentHelper.ButtonHelper.ClickButton(By locator) in C:\Workspace\London_AutomationTest\LnP\ComponentHelper\ButtonHelper.cs:line 18
   at LnP.StepDefinition.SitecoreValidLoginSteps.ThenUserIsAbleToLogOut() in C:\Workspace\London_AutomationTest\LnP\StepDefinition\1-Visit\SitecoreValidLoginSteps.cs:line 393
   at lambda_method(Closure , IContextManager )
   at TechTalk.SpecFlow.Bindings.BindingInvoker.InvokeBinding(IBinding binding, IContextManager contextManager, Object[] arguments, ITestTracer testTracer, TimeSpan& duration) in D:\a\1\s\TechTalk.SpecFlow\Bindings\BindingInvoker.cs:line 69
   at TechTalk.SpecFlow.Infrastructure.TestExecutionEngine.ExecuteStepMatch(BindingMatch match, Object[] arguments) in D:\a\1\s\TechTalk.SpecFlow\Infrastructure\TestExecutionEngine.cs:line 411
   at TechTalk.SpecFlow.Infrastructure.TestExecutionEngine.ExecuteStep(IContextManager contextManager, StepInstance stepInstance) in D:\a\1\s\TechTalk.SpecFlow\Infrastructure\TestExecutionEngine.cs:line 316
   at TechTalk.SpecFlow.Infrastructure.TestExecutionEngine.OnAfterLastStep() in D:\a\1\s\TechTalk.SpecFlow\Infrastructure\TestExecutionEngine.cs:line 132
   at TechTalk.SpecFlow.TestRunner.CollectScenarioErrors() in D:\a\1\s\TechTalk.SpecFlow\TestRunner.cs:line 59
   at SeleniumWebdriver.FeatureFiles._1_Visit.VisitLandingPageFeature.ScenarioCleanup()
   at SeleniumWebdriver.FeatureFiles._1_Visit.VisitLandingPageFeature.InsertVisitMosiacTileOf4() in C:\Workspace\London_AutomationTest\LnP\FeatureFiles\1-Visit\VisitLandingPage.feature:line 21
