12-Jun-2018-10:04:31 [Visit.ComponentHelper.BrowserHelper] [INFO] [BrowserMaximize] -  Browser Maximize 
12-Jun-2018-10:04:33 [Visit.ComponentHelper.NavigationHelper] [INFO] [NavigateToUrl] -  Navigate To Page http://qa.cms.londonandpartners.com/sitecore/login
12-Jun-2018-10:04:34 [Visit.ComponentHelper.GenericHelper] [INFO] [IsElemetPresent] -  Checking for the element By.Id: UserName
12-Jun-2018-10:04:36 [Visit.ComponentHelper.GenericHelper] [INFO] [TakeScreenShot] -  ScreenShot Taken : Login With Valid Credentials.jpeg
12-Jun-2018-10:08:47 [Visit.ComponentHelper.BrowserHelper] [INFO] [BrowserMaximize] -  Browser Maximize 
12-Jun-2018-10:08:49 [Visit.ComponentHelper.NavigationHelper] [INFO] [NavigateToUrl] -  Navigate To Page http://qa.cms.londonandpartners.com/sitecore/login
12-Jun-2018-10:08:50 [Visit.ComponentHelper.GenericHelper] [INFO] [IsElemetPresent] -  Checking for the element By.Id: UserName
12-Jun-2018-10:08:52 [Visit.StepDefinition.SitecoreValidLoginSteps] [ERROR] [WhenUserEntersValidCredebtials] - Exception: OpenQA.Selenium.NoSuchElementException: Element Not Found : By.Id: UserName
   at Visit.ComponentHelper.GenericHelper.GetElement(By locator) in C:\Users\TOM\Source\Repos\Automation Tests\London_AutomationTest\Visit\ComponentHelper\GenericHelper.cs:line 101
   at Visit.ComponentHelper.TextBoxHelper.TypeInTextBox(By locator, String text) in C:\Users\TOM\Source\Repos\Automation Tests\London_AutomationTest\Visit\ComponentHelper\TextBoxHelper.cs:line 17
   at Visit.StepDefinition.SitecoreValidLoginSteps.WhenUserEntersValidCredebtials(Table table) in C:\Users\TOM\Source\Repos\Automation Tests\London_AutomationTest\Visit\StepDefinition\SitecoreValidLoginSteps.cs:line 41
12-Jun-2018-10:08:53 [Visit.ComponentHelper.GenericHelper] [INFO] [TakeScreenShot] -  ScreenShot Taken : Login With Valid Credentials.jpeg
