-> Loading plugin C:\Workspace\London_AutomationTest\LnP\bin\Debug\TechTalk.SpecFlow.MSTest.SpecFlowPlugin.dll
-> Using default config
Given I Navigate To Preview Search Services Page '/search-services'
-> done: Convention_SearchServicesPageSteps.GivenINavigateToPreviewSearchServicesPage("/search-services") (47.4s)
Then I Should See 'Preview' Search Services Page Results
16-Aug-2023-10:56:26 [SeleniumWebdriver.StepDefinition._2_Convention.Convention_SearchServicesPageSteps] [ERROR] [ThenIShouldSeeSearchServicesPageResults] - Exception: OpenQA.Selenium.NoSuchElementException: Element Not Found : By.XPath: .//*[@id='list']/ul/li[7]/div/h3/a
   at LnP.ComponentHelper.GenericHelper.GetElement(By locator) in C:\Workspace\London_AutomationTest\LnP\ComponentHelper\GenericHelper.cs:line 95
   at LnP.ComponentHelper.JavaScriptExecutor.ScrollToView(By locator) in C:\Workspace\London_AutomationTest\LnP\ComponentHelper\JavaScriptExecutor.cs:line 62
   at SeleniumWebdriver.StepDefinition._2_Convention.Convention_SearchServicesPageSteps.ThenIShouldSeeSearchServicesPageResults(String p0) in C:\Workspace\London_AutomationTest\LnP\StepDefinition\2-Convention\Convention_SearchServicesPageSteps.cs:line 87
-> error: Assert.Fail failed. ExceptionOpenQA.Selenium.NoSuchElementException: Element Not Found : By.XPath: .//*[@id='list']/ul/li[7]/div/h3/a
   at LnP.ComponentHelper.GenericHelper.GetElement(By locator) in C:\Workspace\London_AutomationTest\LnP\ComponentHelper\GenericHelper.cs:line 95
   at LnP.ComponentHelper.JavaScriptExecutor.ScrollToView(By locator) in C:\Workspace\London_AutomationTest\LnP\ComponentHelper\JavaScriptExecutor.cs:line 62
   at SeleniumWebdriver.StepDefinition._2_Convention.Convention_SearchServicesPageSteps.ThenIShouldSeeSearchServicesPageResults(String p0) in C:\Workspace\London_AutomationTest\LnP\StepDefinition\2-Convention\Convention_SearchServicesPageSteps.cs:line 87
AfterScenario Hook
Assert.Fail failed. ExceptionOpenQA.Selenium.NoSuchElementException: Element Not Found : By.XPath: .//*[@id='list']/ul/li[7]/div/h3/a
   at LnP.ComponentHelper.GenericHelper.GetElement(By locator) in C:\Workspace\London_AutomationTest\LnP\ComponentHelper\GenericHelper.cs:line 95
   at LnP.ComponentHelper.JavaScriptExecutor.ScrollToView(By locator) in C:\Workspace\London_AutomationTest\LnP\ComponentHelper\JavaScriptExecutor.cs:line 62
   at SeleniumWebdriver.StepDefinition._2_Convention.Convention_SearchServicesPageSteps.ThenIShouldSeeSearchServicesPageResults(String p0) in C:\Workspace\London_AutomationTest\LnP\StepDefinition\2-Convention\Convention_SearchServicesPageSteps.cs:line 87
   at Microsoft.VisualStudio.TestTools.UnitTesting.Assert.HandleFail(String assertionName, String message, Object[] parameters)
   at Microsoft.VisualStudio.TestTools.UnitTesting.Assert.Fail(String message)
   at SeleniumWebdriver.StepDefinition._2_Convention.Convention_SearchServicesPageSteps.ThenIShouldSeeSearchServicesPageResults(String p0) in C:\Workspace\London_AutomationTest\LnP\StepDefinition\2-Convention\Convention_SearchServicesPageSteps.cs:line 110
   at lambda_method(Closure , IContextManager , String )
   at TechTalk.SpecFlow.Bindings.BindingInvoker.InvokeBinding(IBinding binding, IContextManager contextManager, Object[] arguments, ITestTracer testTracer, TimeSpan& duration) in D:\a\1\s\TechTalk.SpecFlow\Bindings\BindingInvoker.cs:line 69
   at TechTalk.SpecFlow.Infrastructure.TestExecutionEngine.ExecuteStepMatch(BindingMatch match, Object[] arguments) in D:\a\1\s\TechTalk.SpecFlow\Infrastructure\TestExecutionEngine.cs:line 411
   at TechTalk.SpecFlow.Infrastructure.TestExecutionEngine.ExecuteStep(IContextManager contextManager, StepInstance stepInstance) in D:\a\1\s\TechTalk.SpecFlow\Infrastructure\TestExecutionEngine.cs:line 316
   at TechTalk.SpecFlow.Infrastructure.TestExecutionEngine.OnAfterLastStep() in D:\a\1\s\TechTalk.SpecFlow\Infrastructure\TestExecutionEngine.cs:line 132
   at TechTalk.SpecFlow.TestRunner.CollectScenarioErrors() in D:\a\1\s\TechTalk.SpecFlow\TestRunner.cs:line 59
   at SeleniumWebdriver.FeatureFiles._2_Convention.Convention_SearchServicesPageFeature.ScenarioCleanup()
   at SeleniumWebdriver.FeatureFiles._2_Convention.Convention_SearchServicesPageFeature.ConventionPreviewSearchServicesPageIsUp() in C:\Workspace\London_AutomationTest\LnP\FeatureFiles\2-Convention\Convention_SearchServicesPage.feature:line 15
