Given I Navigate To The Search Venue Page '/Search-venue'
-> done: VenueSearchPageSteps.GivenINavigateToTheSearchVenuePage("/Search-venue") (5.2s)
When I Enter '1000' in Min Field
-> done: VenueSearchPageSteps.WhenIEnterInMinField("1000") (5.2s)
And I Enter '30000' in Max Field
-> done: VenueSearchPageSteps.WhenIEnterInMaxField("30000") (5.2s)
When I Click Search Button
-> done: VenueSearchPageSteps.WhenIClickSearchButton() (5.7s)
Then i Should See 'InterContinental London' and 'RS Hampton Court Palace' in Search Reuslt
26-Jul-2023-15:12:16 [LnP.StepDefination_CVB.VenueSearchPageSteps] [ERROR] [ThenIShouldSeeAndInSearchReuslt] - Exception: Microsoft.VisualStudio.TestTools.UnitTesting.AssertFailedException: Assert.IsTrue failed. 
   at Microsoft.VisualStudio.TestTools.UnitTesting.Assert.HandleFail(String assertionName, String message, Object[] parameters)
   at Microsoft.VisualStudio.TestTools.UnitTesting.Assert.IsTrue(Boolean condition)
   at LnP.StepDefination_CVB.VenueSearchPageSteps.ThenIShouldSeeAndInSearchReuslt(String p0, String p1) in C:\Workspace\London_AutomationTest\LnP\StepDefinition\2-Convention\Convention_VenueSearchPageSteps.cs:line 223
-> error: Assert.Fail failed. ExceptionMicrosoft.VisualStudio.TestTools.UnitTesting.AssertFailedException: Assert.IsTrue failed. 
   at Microsoft.VisualStudio.TestTools.UnitTesting.Assert.HandleFail(String assertionName, String message, Object[] parameters)
   at Microsoft.VisualStudio.TestTools.UnitTesting.Assert.IsTrue(Boolean condition)
   at LnP.StepDefination_CVB.VenueSearchPageSteps.ThenIShouldSeeAndInSearchReuslt(String p0, String p1) in C:\Workspace\London_AutomationTest\LnP\StepDefinition\2-Convention\Convention_VenueSearchPageSteps.cs:line 223
AfterScenario Hook
Assert.Fail failed. ExceptionMicrosoft.VisualStudio.TestTools.UnitTesting.AssertFailedException: Assert.IsTrue failed. 
   at Microsoft.VisualStudio.TestTools.UnitTesting.Assert.HandleFail(String assertionName, String message, Object[] parameters)
   at Microsoft.VisualStudio.TestTools.UnitTesting.Assert.IsTrue(Boolean condition)
   at LnP.StepDefination_CVB.VenueSearchPageSteps.ThenIShouldSeeAndInSearchReuslt(String p0, String p1) in C:\Workspace\London_AutomationTest\LnP\StepDefinition\2-Convention\Convention_VenueSearchPageSteps.cs:line 223
   at Microsoft.VisualStudio.TestTools.UnitTesting.Assert.HandleFail(String assertionName, String message, Object[] parameters)
   at Microsoft.VisualStudio.TestTools.UnitTesting.Assert.Fail(String message)
   at LnP.StepDefination_CVB.VenueSearchPageSteps.ThenIShouldSeeAndInSearchReuslt(String p0, String p1) in C:\Workspace\London_AutomationTest\LnP\StepDefinition\2-Convention\Convention_VenueSearchPageSteps.cs:line 229
   at lambda_method(Closure , IContextManager , String , String )
   at TechTalk.SpecFlow.Bindings.BindingInvoker.InvokeBinding(IBinding binding, IContextManager contextManager, Object[] arguments, ITestTracer testTracer, TimeSpan& duration) in D:\a\1\s\TechTalk.SpecFlow\Bindings\BindingInvoker.cs:line 69
   at TechTalk.SpecFlow.Infrastructure.TestExecutionEngine.ExecuteStepMatch(BindingMatch match, Object[] arguments) in D:\a\1\s\TechTalk.SpecFlow\Infrastructure\TestExecutionEngine.cs:line 411
   at TechTalk.SpecFlow.Infrastructure.TestExecutionEngine.ExecuteStep(IContextManager contextManager, StepInstance stepInstance) in D:\a\1\s\TechTalk.SpecFlow\Infrastructure\TestExecutionEngine.cs:line 316
   at TechTalk.SpecFlow.Infrastructure.TestExecutionEngine.OnAfterLastStep() in D:\a\1\s\TechTalk.SpecFlow\Infrastructure\TestExecutionEngine.cs:line 132
   at TechTalk.SpecFlow.TestRunner.CollectScenarioErrors() in D:\a\1\s\TechTalk.SpecFlow\TestRunner.cs:line 59
   at SeleniumWebdriver.FeatureFiles._2_Convention.ConventionVenueSearchPageFeature.ScenarioCleanup()
   at SeleniumWebdriver.FeatureFiles._2_Convention.ConventionVenueSearchPageFeature.ConventionSearchPageResults() in C:\Workspace\London_AutomationTest\LnP\FeatureFiles\2-Convention\Convention_SearchVenuePage.feature:line 31
