Given I Navigate To The Search Venue Page '/Search-venue'
-> done: VenueSearchPageSteps.GivenINavigateToTheSearchVenuePage("/Search-venue") (6.5s)
When I Click on Next Pagination Button
04-May-2022-13:13:27 [LnP.StepDefination_CVB.VenueSearchPageSteps] [ERROR] [WhenIClickOnNextPaginationButton] - Exception: OpenQA.Selenium.ElementClickInterceptedException: element click intercepted: Element <div class="course-search-submit">...</div> is not clickable at point (685, 32). Other element would receive the click: <span>...</span>
  (Session info: chrome=100.0.4896.75)
   at OpenQA.Selenium.Remote.RemoteWebDriver.UnpackAndThrowOnError(Response errorResponse)
   at OpenQA.Selenium.Remote.RemoteWebDriver.Execute(String driverCommandToExecute, Dictionary`2 parameters)
   at OpenQA.Selenium.Remote.RemoteWebElement.Click()
   at LnP.ComponentHelper.ButtonHelper.ClickButton(By locator) in C:\Workspace\London_AutomationTest\LnP\ComponentHelper\ButtonHelper.cs:line 19
   at LnP.StepDefination_CVB.VenueSearchPageSteps.WhenIClickOnNextPaginationButton() in C:\Workspace\London_AutomationTest\LnP\StepDefinition\2-Convention\Convention_VenueSearchPageSteps.cs:line 254
-> error: Assert.Fail failed. ExceptionOpenQA.Selenium.ElementClickInterceptedException: element click intercepted: Element <div class="course-search-submit">...</div> is not clickable at point (685, 32). Other element would receive the click: <span>...</span>
  (Session info: chrome=100.0.4896.75)
   at OpenQA.Selenium.Remote.RemoteWebDriver.UnpackAndThrowOnError(Response errorResponse)
   at OpenQA.Selenium.Remote.RemoteWebDriver.Execute(String driverCommandToExecute, Dictionary`2 parameters)
   at OpenQA.Selenium.Remote.RemoteWebElement.Click()
   at LnP.ComponentHelper.ButtonHelper.ClickButton(By locator) in C:\Workspace\London_AutomationTest\LnP\ComponentHelper\ButtonHelper.cs:line 19
   at LnP.StepDefination_CVB.VenueSearchPageSteps.WhenIClickOnNextPaginationButton() in C:\Workspace\London_AutomationTest\LnP\StepDefinition\2-Convention\Convention_VenueSearchPageSteps.cs:line 254
Then I Should See 'Text' in Search Results
-> skipped because of previous errors
AfterScenario Hook
Assert.Fail failed. ExceptionOpenQA.Selenium.ElementClickInterceptedException: element click intercepted: Element <div class="course-search-submit">...</div> is not clickable at point (685, 32). Other element would receive the click: <span>...</span>
  (Session info: chrome=100.0.4896.75)
   at OpenQA.Selenium.Remote.RemoteWebDriver.UnpackAndThrowOnError(Response errorResponse)
   at OpenQA.Selenium.Remote.RemoteWebDriver.Execute(String driverCommandToExecute, Dictionary`2 parameters)
   at OpenQA.Selenium.Remote.RemoteWebElement.Click()
   at LnP.ComponentHelper.ButtonHelper.ClickButton(By locator) in C:\Workspace\London_AutomationTest\LnP\ComponentHelper\ButtonHelper.cs:line 19
   at LnP.StepDefination_CVB.VenueSearchPageSteps.WhenIClickOnNextPaginationButton() in C:\Workspace\London_AutomationTest\LnP\StepDefinition\2-Convention\Convention_VenueSearchPageSteps.cs:line 254
   at Microsoft.VisualStudio.TestTools.UnitTesting.Assert.HandleFail(String assertionName, String message, Object[] parameters)
   at Microsoft.VisualStudio.TestTools.UnitTesting.Assert.Fail(String message)
   at LnP.StepDefination_CVB.VenueSearchPageSteps.WhenIClickOnNextPaginationButton() in C:\Workspace\London_AutomationTest\LnP\StepDefinition\2-Convention\Convention_VenueSearchPageSteps.cs:line 261
   at lambda_method(Closure , IContextManager )
   at TechTalk.SpecFlow.Bindings.BindingInvoker.InvokeBinding(IBinding binding, IContextManager contextManager, Object[] arguments, ITestTracer testTracer, TimeSpan& duration) in D:\a\1\s\TechTalk.SpecFlow\Bindings\BindingInvoker.cs:line 69
   at TechTalk.SpecFlow.Infrastructure.TestExecutionEngine.ExecuteStepMatch(BindingMatch match, Object[] arguments) in D:\a\1\s\TechTalk.SpecFlow\Infrastructure\TestExecutionEngine.cs:line 411
   at TechTalk.SpecFlow.Infrastructure.TestExecutionEngine.ExecuteStep(IContextManager contextManager, StepInstance stepInstance) in D:\a\1\s\TechTalk.SpecFlow\Infrastructure\TestExecutionEngine.cs:line 316
   at TechTalk.SpecFlow.Infrastructure.TestExecutionEngine.OnAfterLastStep() in D:\a\1\s\TechTalk.SpecFlow\Infrastructure\TestExecutionEngine.cs:line 132
   at TechTalk.SpecFlow.TestRunner.CollectScenarioErrors() in D:\a\1\s\TechTalk.SpecFlow\TestRunner.cs:line 59
   at SeleniumWebdriver.FeatureFiles._2_Convention.ConventionVenueSearchPageFeature.ScenarioCleanup()
   at SeleniumWebdriver.FeatureFiles._2_Convention.ConventionVenueSearchPageFeature.ConventionSearchPagePagination() in C:\Workspace\London_AutomationTest\LnP\FeatureFiles\2-Convention\Convention_SearchVenuePage.feature:line 37
